2021-11-27 00:33:28,064 INFO c.h.l.LoggingApplication [main] Starting LoggingApplication using Java 11.0.8 on DESKTOP-TS5IQVB with PID 15812 (E:\code\logging\target\classes started by galiver in E:\code\logging) 
2021-11-27 00:33:28,076 INFO c.h.l.LoggingApplication [main] No active profile set, falling back to default profiles: default 
2021-11-27 00:33:28,076 DEBUG o.s.b.SpringApplication [main] Loading source class com.hakim.logging.LoggingApplication 
2021-11-27 00:33:28,106 DEBUG o.s.b.w.s.c.AnnotationConfigServletWebServerApplicationContext [main] Refreshing org.springframework.boot.web.servlet.context.AnnotationConfigServletWebServerApplicationContext@325f7fa9 
2021-11-27 00:33:28,125 DEBUG o.s.b.f.s.DefaultListableBeanFactory [main] Creating shared instance of singleton bean 'org.springframework.context.annotation.internalConfigurationAnnotationProcessor' 
2021-11-27 00:33:28,134 DEBUG o.s.b.f.s.DefaultListableBeanFactory [main] Creating shared instance of singleton bean 'org.springframework.boot.autoconfigure.internalCachingMetadataReaderFactory' 
2021-11-27 00:33:28,199 DEBUG o.s.c.a.ClassPathBeanDefinitionScanner [main] Identified candidate component class: file [E:\code\logging\target\classes\com\hakim\logging\controller\HomeController.class] 
2021-11-27 00:33:28,605 DEBUG o.s.b.f.s.DefaultListableBeanFactory [main] Creating shared instance of singleton bean 'propertySourcesPlaceholderConfigurer' 
2021-11-27 00:33:28,612 DEBUG o.s.b.f.s.DefaultListableBeanFactory [main] Creating shared instance of singleton bean 'org.springframework.boot.sql.init.dependency.DatabaseInitializationDependencyConfigurer$DependsOnDatabaseInitializationPostProcessor' 
2021-11-27 00:33:28,620 DEBUG o.s.b.f.s.DefaultListableBeanFactory [main] Creating shared instance of singleton bean 'org.springframework.context.event.internalEventListenerProcessor' 
2021-11-27 00:33:28,620 DEBUG o.s.b.f.s.DefaultListableBeanFactory [main] Creating shared instance of singleton bean 'preserveErrorControllerTargetClassPostProcessor' 
2021-11-27 00:33:28,624 DEBUG o.s.b.f.s.DefaultListableBeanFactory [main] Creating shared instance of singleton bean 'forceAutoProxyCreatorToUseClassProxying' 
2021-11-27 00:33:28,625 DEBUG o.s.b.f.s.DefaultListableBeanFactory [main] Creating shared instance of singleton bean 'org.springframework.context.event.internalEventListenerFactory' 
2021-11-27 00:33:28,634 DEBUG o.s.b.f.s.DefaultListableBeanFactory [main] Creating shared instance of singleton bean 'org.springframework.context.annotation.internalAutowiredAnnotationProcessor' 
2021-11-27 00:33:28,635 DEBUG o.s.b.f.s.DefaultListableBeanFactory [main] Creating shared instance of singleton bean 'org.springframework.context.annotation.internalCommonAnnotationProcessor' 
2021-11-27 00:33:28,639 DEBUG o.s.b.f.s.DefaultListableBeanFactory [main] Creating shared instance of singleton bean 'org.springframework.boot.context.properties.ConfigurationPropertiesBindingPostProcessor' 
2021-11-27 00:33:28,640 DEBUG o.s.b.f.s.DefaultListableBeanFactory [main] Creating shared instance of singleton bean 'org.springframework.boot.context.internalConfigurationPropertiesBinder' 
2021-11-27 00:33:28,640 DEBUG o.s.b.f.s.DefaultListableBeanFactory [main] Creating shared instance of singleton bean 'org.springframework.boot.context.internalConfigurationPropertiesBinderFactory' 
2021-11-27 00:33:28,643 DEBUG o.s.b.f.s.DefaultListableBeanFactory [main] Creating shared instance of singleton bean 'org.springframework.aop.config.internalAutoProxyCreator' 
2021-11-27 00:33:28,668 DEBUG o.s.b.f.s.DefaultListableBeanFactory [main] Creating shared instance of singleton bean 'webServerFactoryCustomizerBeanPostProcessor' 
2021-11-27 00:33:28,669 DEBUG o.s.b.f.s.DefaultListableBeanFactory [main] Creating shared instance of singleton bean 'errorPageRegistrarBeanPostProcessor' 
2021-11-27 00:33:28,671 DEBUG o.s.u.c.s.UiApplicationContextUtils [main] Unable to locate ThemeSource with name 'themeSource': using default [org.springframework.ui.context.support.ResourceBundleThemeSource@612e21b9] 
2021-11-27 00:33:28,672 DEBUG o.s.b.f.s.DefaultListableBeanFactory [main] Creating shared instance of singleton bean 'tomcatServletWebServerFactory' 
2021-11-27 00:33:28,674 DEBUG o.s.b.f.s.DefaultListableBeanFactory [main] Creating shared instance of singleton bean 'org.springframework.boot.autoconfigure.web.servlet.ServletWebServerFactoryConfiguration$EmbeddedTomcat' 
2021-11-27 00:33:28,737 DEBUG o.s.b.f.s.DefaultListableBeanFactory [main] Creating shared instance of singleton bean 'websocketServletWebServerCustomizer' 
2021-11-27 00:33:28,737 DEBUG o.s.b.f.s.DefaultListableBeanFactory [main] Creating shared instance of singleton bean 'org.springframework.boot.autoconfigure.websocket.servlet.WebSocketServletAutoConfiguration$TomcatWebSocketConfiguration' 
2021-11-27 00:33:28,739 DEBUG o.s.b.f.s.DefaultListableBeanFactory [main] Creating shared instance of singleton bean 'servletWebServerFactoryCustomizer' 
2021-11-27 00:33:28,739 DEBUG o.s.b.f.s.DefaultListableBeanFactory [main] Creating shared instance of singleton bean 'org.springframework.boot.autoconfigure.web.servlet.ServletWebServerFactoryAutoConfiguration' 
2021-11-27 00:33:28,745 DEBUG o.s.b.f.s.DefaultListableBeanFactory [main] Creating shared instance of singleton bean 'server-org.springframework.boot.autoconfigure.web.ServerProperties' 
2021-11-27 00:33:28,754 DEBUG o.s.b.f.s.DefaultListableBeanFactory [main] Creating shared instance of singleton bean 'org.springframework.boot.context.properties.BoundConfigurationProperties' 
2021-11-27 00:33:28,782 DEBUG o.s.b.f.s.DefaultListableBeanFactory [main] Autowiring by type from bean name 'servletWebServerFactoryCustomizer' via factory method to bean named 'server-org.springframework.boot.autoconfigure.web.ServerProperties' 
2021-11-27 00:33:28,783 DEBUG o.s.b.f.s.DefaultListableBeanFactory [main] Creating shared instance of singleton bean 'tomcatServletWebServerFactoryCustomizer' 
2021-11-27 00:33:28,785 DEBUG o.s.b.f.s.DefaultListableBeanFactory [main] Autowiring by type from bean name 'tomcatServletWebServerFactoryCustomizer' via factory method to bean named 'server-org.springframework.boot.autoconfigure.web.ServerProperties' 
2021-11-27 00:33:28,786 DEBUG o.s.b.f.s.DefaultListableBeanFactory [main] Creating shared instance of singleton bean 'tomcatWebServerFactoryCustomizer' 
2021-11-27 00:33:28,787 DEBUG o.s.b.f.s.DefaultListableBeanFactory [main] Creating shared instance of singleton bean 'org.springframework.boot.autoconfigure.web.embedded.EmbeddedWebServerFactoryCustomizerAutoConfiguration$TomcatWebServerFactoryCustomizerConfiguration' 
2021-11-27 00:33:28,788 DEBUG o.s.b.f.s.DefaultListableBeanFactory [main] Autowiring by type from bean name 'tomcatWebServerFactoryCustomizer' via factory method to bean named 'environment' 
2021-11-27 00:33:28,789 DEBUG o.s.b.f.s.DefaultListableBeanFactory [main] Autowiring by type from bean name 'tomcatWebServerFactoryCustomizer' via factory method to bean named 'server-org.springframework.boot.autoconfigure.web.ServerProperties' 
2021-11-27 00:33:28,790 DEBUG o.s.b.f.s.DefaultListableBeanFactory [main] Creating shared instance of singleton bean 'localeCharsetMappingsCustomizer' 
2021-11-27 00:33:28,792 DEBUG o.s.b.f.s.DefaultListableBeanFactory [main] Creating shared instance of singleton bean 'org.springframework.boot.autoconfigure.web.servlet.HttpEncodingAutoConfiguration' 
2021-11-27 00:33:28,795 DEBUG o.s.b.f.s.DefaultListableBeanFactory [main] Autowiring by type from bean name 'org.springframework.boot.autoconfigure.web.servlet.HttpEncodingAutoConfiguration' via constructor to bean named 'server-org.springframework.boot.autoconfigure.web.ServerProperties' 
2021-11-27 00:33:28,815 DEBUG o.s.b.f.s.DefaultListableBeanFactory [main] Creating shared instance of singleton bean 'errorPageCustomizer' 
2021-11-27 00:33:28,815 DEBUG o.s.b.f.s.DefaultListableBeanFactory [main] Creating shared instance of singleton bean 'org.springframework.boot.autoconfigure.web.servlet.error.ErrorMvcAutoConfiguration' 
2021-11-27 00:33:28,816 DEBUG o.s.b.f.s.DefaultListableBeanFactory [main] Autowiring by type from bean name 'org.springframework.boot.autoconfigure.web.servlet.error.ErrorMvcAutoConfiguration' via constructor to bean named 'server-org.springframework.boot.autoconfigure.web.ServerProperties' 
2021-11-27 00:33:28,817 DEBUG o.s.b.f.s.DefaultListableBeanFactory [main] Creating shared instance of singleton bean 'dispatcherServletRegistration' 
2021-11-27 00:33:28,817 DEBUG o.s.b.f.s.DefaultListableBeanFactory [main] Creating shared instance of singleton bean 'org.springframework.boot.autoconfigure.web.servlet.DispatcherServletAutoConfiguration$DispatcherServletRegistrationConfiguration' 
2021-11-27 00:33:28,817 DEBUG o.s.b.f.s.DefaultListableBeanFactory [main] Creating shared instance of singleton bean 'dispatcherServlet' 
2021-11-27 00:33:28,817 DEBUG o.s.b.f.s.DefaultListableBeanFactory [main] Creating shared instance of singleton bean 'org.springframework.boot.autoconfigure.web.servlet.DispatcherServletAutoConfiguration$DispatcherServletConfiguration' 
2021-11-27 00:33:28,817 DEBUG o.s.b.f.s.DefaultListableBeanFactory [main] Creating shared instance of singleton bean 'spring.mvc-org.springframework.boot.autoconfigure.web.servlet.WebMvcProperties' 
2021-11-27 00:33:28,817 DEBUG o.s.b.f.s.DefaultListableBeanFactory [main] Autowiring by type from bean name 'dispatcherServlet' via factory method to bean named 'spring.mvc-org.springframework.boot.autoconfigure.web.servlet.WebMvcProperties' 
2021-11-27 00:33:28,826 DEBUG o.s.b.f.s.DefaultListableBeanFactory [main] Autowiring by type from bean name 'dispatcherServletRegistration' via factory method to bean named 'dispatcherServlet' 
2021-11-27 00:33:28,826 DEBUG o.s.b.f.s.DefaultListableBeanFactory [main] Autowiring by type from bean name 'dispatcherServletRegistration' via factory method to bean named 'spring.mvc-org.springframework.boot.autoconfigure.web.servlet.WebMvcProperties' 
2021-11-27 00:33:28,832 DEBUG o.s.b.f.s.DefaultListableBeanFactory [main] Creating shared instance of singleton bean 'multipartConfigElement' 
2021-11-27 00:33:28,832 DEBUG o.s.b.f.s.DefaultListableBeanFactory [main] Creating shared instance of singleton bean 'org.springframework.boot.autoconfigure.web.servlet.MultipartAutoConfiguration' 
2021-11-27 00:33:28,832 DEBUG o.s.b.f.s.DefaultListableBeanFactory [main] Creating shared instance of singleton bean 'spring.servlet.multipart-org.springframework.boot.autoconfigure.web.servlet.MultipartProperties' 
2021-11-27 00:33:28,835 DEBUG o.s.b.f.s.DefaultListableBeanFactory [main] Autowiring by type from bean name 'org.springframework.boot.autoconfigure.web.servlet.MultipartAutoConfiguration' via constructor to bean named 'spring.servlet.multipart-org.springframework.boot.autoconfigure.web.servlet.MultipartProperties' 
2021-11-27 00:33:28,839 DEBUG o.s.b.f.s.DefaultListableBeanFactory [main] Autowiring by type from bean name 'errorPageCustomizer' via factory method to bean named 'dispatcherServletRegistration' 
2021-11-27 00:33:28,884 DEBUG o.s.b.w.e.t.TomcatServletWebServerFactory [main] Code archive: C:\Users\galiver\.m2\repository\org\springframework\boot\spring-boot\2.6.0\spring-boot-2.6.0.jar 
2021-11-27 00:33:28,888 DEBUG o.s.b.w.e.t.TomcatServletWebServerFactory [main] Code archive: C:\Users\galiver\.m2\repository\org\springframework\boot\spring-boot\2.6.0\spring-boot-2.6.0.jar 
2021-11-27 00:33:28,888 DEBUG o.s.b.w.e.t.TomcatServletWebServerFactory [main] None of the document roots [src/main/webapp, public, static] point to a directory and will be ignored. 
2021-11-27 00:33:28,904 INFO o.s.b.w.e.t.TomcatWebServer [main] Tomcat initialized with port(s): 8080 (http) 
2021-11-27 00:33:28,906 INFO o.a.c.h.Http11NioProtocol [main] Initializing ProtocolHandler ["http-nio-127.0.0.1-8080"] 
2021-11-27 00:33:28,906 INFO o.a.c.c.StandardService [main] Starting service [Tomcat] 
2021-11-27 00:33:28,906 INFO o.a.c.c.StandardEngine [main] Starting Servlet engine: [Apache Tomcat/9.0.55] 
2021-11-27 00:33:28,996 INFO o.a.c.c.C.[.[.[/] [main] Initializing Spring embedded WebApplicationContext 
2021-11-27 00:33:28,997 DEBUG o.s.b.w.s.c.ServletWebServerApplicationContext [main] Published root WebApplicationContext as ServletContext attribute with name [org.springframework.web.context.WebApplicationContext.ROOT] 
2021-11-27 00:33:28,997 INFO o.s.b.w.s.c.ServletWebServerApplicationContext [main] Root WebApplicationContext: initialization completed in 891 ms 
2021-11-27 00:33:28,999 DEBUG o.s.b.f.s.DefaultListableBeanFactory [main] Creating shared instance of singleton bean 'requestContextFilter' 
2021-11-27 00:33:29,002 DEBUG o.s.b.f.s.DefaultListableBeanFactory [main] Creating shared instance of singleton bean 'formContentFilter' 
2021-11-27 00:33:29,002 DEBUG o.s.b.f.s.DefaultListableBeanFactory [main] Creating shared instance of singleton bean 'org.springframework.boot.autoconfigure.web.servlet.WebMvcAutoConfiguration' 
2021-11-27 00:33:29,006 DEBUG o.s.b.f.s.DefaultListableBeanFactory [main] Creating shared instance of singleton bean 'characterEncodingFilter' 
2021-11-27 00:33:29,006 DEBUG o.s.b.w.s.ServletContextInitializerBeans [main] Mapping filters: characterEncodingFilter urls=[/*] order=-2147483648, formContentFilter urls=[/*] order=-9900, requestContextFilter urls=[/*] order=-105 
2021-11-27 00:33:29,006 DEBUG o.s.b.w.s.ServletContextInitializerBeans [main] Mapping servlets: dispatcherServlet urls=[/] 
2021-11-27 00:33:29,025 DEBUG o.s.b.w.s.f.OrderedRequestContextFilter [main] Filter 'requestContextFilter' configured for use 
2021-11-27 00:33:29,025 DEBUG o.s.b.w.s.f.OrderedCharacterEncodingFilter [main] Filter 'characterEncodingFilter' configured for use 
2021-11-27 00:33:29,026 DEBUG o.s.b.w.s.f.OrderedFormContentFilter [main] Filter 'formContentFilter' configured for use 
2021-11-27 00:33:29,032 DEBUG o.s.b.f.s.DefaultListableBeanFactory [main] Creating shared instance of singleton bean 'loggingApplication' 
2021-11-27 00:33:29,033 DEBUG o.s.c.LocalVariableTableParameterNameDiscoverer [main] Cannot find '.class' file for class [class com.hakim.logging.LoggingApplication$$EnhancerBySpringCGLIB$$bd272651] - unable to determine constructor/method parameter names 
2021-11-27 00:33:29,035 DEBUG o.s.b.f.s.DefaultListableBeanFactory [main] Autowiring by type from bean name 'loggingApplication' via constructor to bean named 'environment' 
2021-11-27 00:33:29,036 DEBUG o.s.b.f.s.DefaultListableBeanFactory [main] Creating shared instance of singleton bean 'homeController' 
2021-11-27 00:33:29,039 DEBUG o.s.b.f.s.DefaultListableBeanFactory [main] Creating shared instance of singleton bean 'org.springframework.boot.autoconfigure.AutoConfigurationPackages' 
2021-11-27 00:33:29,039 DEBUG o.s.b.f.s.DefaultListableBeanFactory [main] Creating shared instance of singleton bean 'org.springframework.boot.autoconfigure.context.PropertyPlaceholderAutoConfiguration' 
2021-11-27 00:33:29,040 DEBUG o.s.b.f.s.DefaultListableBeanFactory [main] Creating shared instance of singleton bean 'org.springframework.boot.autoconfigure.websocket.servlet.WebSocketServletAutoConfiguration' 
2021-11-27 00:33:29,041 DEBUG o.s.b.f.s.DefaultListableBeanFactory [main] Creating shared instance of singleton bean 'org.springframework.boot.context.properties.EnableConfigurationPropertiesRegistrar.methodValidationExcludeFilter' 
2021-11-27 00:33:29,042 DEBUG o.s.b.f.s.DefaultListableBeanFactory [main] Creating shared instance of singleton bean 'org.springframework.boot.autoconfigure.web.servlet.DispatcherServletAutoConfiguration' 
2021-11-27 00:33:29,042 DEBUG o.s.b.f.s.DefaultListableBeanFactory [main] Creating shared instance of singleton bean 'org.springframework.boot.autoconfigure.task.TaskExecutionAutoConfiguration' 
2021-11-27 00:33:29,045 DEBUG o.s.b.f.s.DefaultListableBeanFactory [main] Creating shared instance of singleton bean 'taskExecutorBuilder' 
2021-11-27 00:33:29,045 DEBUG o.s.b.f.s.DefaultListableBeanFactory [main] Creating shared instance of singleton bean 'spring.task.execution-org.springframework.boot.autoconfigure.task.TaskExecutionProperties' 
2021-11-27 00:33:29,045 DEBUG o.s.b.f.s.DefaultListableBeanFactory [main] Autowiring by type from bean name 'taskExecutorBuilder' via factory method to bean named 'spring.task.execution-org.springframework.boot.autoconfigure.task.TaskExecutionProperties' 
2021-11-27 00:33:29,045 DEBUG o.s.b.f.s.DefaultListableBeanFactory [main] Creating shared instance of singleton bean 'org.springframework.boot.autoconfigure.web.servlet.error.ErrorMvcAutoConfiguration$WhitelabelErrorViewConfiguration' 
2021-11-27 00:33:29,045 DEBUG o.s.b.f.s.DefaultListableBeanFactory [main] Creating shared instance of singleton bean 'error' 
2021-11-27 00:33:29,045 DEBUG o.s.b.f.s.DefaultListableBeanFactory [main] Creating shared instance of singleton bean 'beanNameViewResolver' 
2021-11-27 00:33:29,045 DEBUG o.s.b.f.s.DefaultListableBeanFactory [main] Creating shared instance of singleton bean 'org.springframework.boot.autoconfigure.web.servlet.error.ErrorMvcAutoConfiguration$DefaultErrorViewResolverConfiguration' 
2021-11-27 00:33:29,045 DEBUG o.s.b.f.s.DefaultListableBeanFactory [main] Creating shared instance of singleton bean 'spring.web-org.springframework.boot.autoconfigure.web.WebProperties' 
2021-11-27 00:33:29,056 DEBUG o.s.b.f.s.DefaultListableBeanFactory [main] Autowiring by type from bean name 'org.springframework.boot.autoconfigure.web.servlet.error.ErrorMvcAutoConfiguration$DefaultErrorViewResolverConfiguration' via constructor to bean named 'org.springframework.boot.web.servlet.context.AnnotationConfigServletWebServerApplicationContext@325f7fa9' 
2021-11-27 00:33:29,056 DEBUG o.s.b.f.s.DefaultListableBeanFactory [main] Autowiring by type from bean name 'org.springframework.boot.autoconfigure.web.servlet.error.ErrorMvcAutoConfiguration$DefaultErrorViewResolverConfiguration' via constructor to bean named 'spring.web-org.springframework.boot.autoconfigure.web.WebProperties' 
2021-11-27 00:33:29,056 DEBUG o.s.b.f.s.DefaultListableBeanFactory [main] Creating shared instance of singleton bean 'conventionErrorViewResolver' 
2021-11-27 00:33:29,056 DEBUG o.s.b.f.s.DefaultListableBeanFactory [main] Creating shared instance of singleton bean 'errorAttributes' 
2021-11-27 00:33:29,056 DEBUG o.s.b.f.s.DefaultListableBeanFactory [main] Creating shared instance of singleton bean 'basicErrorController' 
2021-11-27 00:33:29,056 DEBUG o.s.b.f.s.DefaultListableBeanFactory [main] Autowiring by type from bean name 'basicErrorController' via factory method to bean named 'errorAttributes' 
2021-11-27 00:33:29,056 DEBUG o.s.b.f.s.DefaultListableBeanFactory [main] Creating shared instance of singleton bean 'org.springframework.boot.autoconfigure.web.servlet.WebMvcAutoConfiguration$EnableWebMvcConfiguration' 
2021-11-27 00:33:29,066 DEBUG o.s.b.f.s.DefaultListableBeanFactory [main] Autowiring by type from bean name 'org.springframework.boot.autoconfigure.web.servlet.WebMvcAutoConfiguration$EnableWebMvcConfiguration' via constructor to bean named 'spring.mvc-org.springframework.boot.autoconfigure.web.servlet.WebMvcProperties' 
2021-11-27 00:33:29,066 DEBUG o.s.b.f.s.DefaultListableBeanFactory [main] Autowiring by type from bean name 'org.springframework.boot.autoconfigure.web.servlet.WebMvcAutoConfiguration$EnableWebMvcConfiguration' via constructor to bean named 'spring.web-org.springframework.boot.autoconfigure.web.WebProperties' 
2021-11-27 00:33:29,066 DEBUG o.s.b.f.s.DefaultListableBeanFactory [main] Autowiring by type from bean name 'org.springframework.boot.autoconfigure.web.servlet.WebMvcAutoConfiguration$EnableWebMvcConfiguration' via constructor to bean named 'org.springframework.beans.factory.support.DefaultListableBeanFactory@4e38d975' 
2021-11-27 00:33:29,074 DEBUG o.s.b.f.s.DefaultListableBeanFactory [main] Creating shared instance of singleton bean 'org.springframework.boot.autoconfigure.web.servlet.WebMvcAutoConfiguration$WebMvcAutoConfigurationAdapter' 
2021-11-27 00:33:29,074 DEBUG o.s.b.f.s.DefaultListableBeanFactory [main] Autowiring by type from bean name 'org.springframework.boot.autoconfigure.web.servlet.WebMvcAutoConfiguration$WebMvcAutoConfigurationAdapter' via constructor to bean named 'spring.web-org.springframework.boot.autoconfigure.web.WebProperties' 
2021-11-27 00:33:29,074 DEBUG o.s.b.f.s.DefaultListableBeanFactory [main] Autowiring by type from bean name 'org.springframework.boot.autoconfigure.web.servlet.WebMvcAutoConfiguration$WebMvcAutoConfigurationAdapter' via constructor to bean named 'spring.mvc-org.springframework.boot.autoconfigure.web.servlet.WebMvcProperties' 
2021-11-27 00:33:29,074 DEBUG o.s.b.f.s.DefaultListableBeanFactory [main] Autowiring by type from bean name 'org.springframework.boot.autoconfigure.web.servlet.WebMvcAutoConfiguration$WebMvcAutoConfigurationAdapter' via constructor to bean named 'org.springframework.beans.factory.support.DefaultListableBeanFactory@4e38d975' 
2021-11-27 00:33:29,079 DEBUG o.s.b.f.s.DefaultListableBeanFactory [main] Creating shared instance of singleton bean 'requestMappingHandlerAdapter' 
2021-11-27 00:33:29,079 DEBUG o.s.b.f.s.DefaultListableBeanFactory [main] Creating shared instance of singleton bean 'mvcContentNegotiationManager' 
2021-11-27 00:33:29,086 DEBUG o.s.b.f.s.DefaultListableBeanFactory [main] Creating shared instance of singleton bean 'mvcConversionService' 
2021-11-27 00:33:29,092 DEBUG o.s.b.f.s.DefaultListableBeanFactory [main] Creating shared instance of singleton bean 'mvcValidator' 
2021-11-27 00:33:29,095 DEBUG o.s.b.f.s.DefaultListableBeanFactory [main] Autowiring by type from bean name 'requestMappingHandlerAdapter' via factory method to bean named 'mvcContentNegotiationManager' 
2021-11-27 00:33:29,096 DEBUG o.s.b.f.s.DefaultListableBeanFactory [main] Autowiring by type from bean name 'requestMappingHandlerAdapter' via factory method to bean named 'mvcConversionService' 
2021-11-27 00:33:29,096 DEBUG o.s.b.f.s.DefaultListableBeanFactory [main] Autowiring by type from bean name 'requestMappingHandlerAdapter' via factory method to bean named 'mvcValidator' 
2021-11-27 00:33:29,096 DEBUG o.s.b.f.s.DefaultListableBeanFactory [main] Autowiring by type from bean name 'requestMappingHandlerAdapter' via factory method to bean named 'mvcContentNegotiationManager' 
2021-11-27 00:33:29,096 DEBUG o.s.b.f.s.DefaultListableBeanFactory [main] Autowiring by type from bean name 'requestMappingHandlerAdapter' via factory method to bean named 'mvcConversionService' 
2021-11-27 00:33:29,096 DEBUG o.s.b.f.s.DefaultListableBeanFactory [main] Autowiring by type from bean name 'requestMappingHandlerAdapter' via factory method to bean named 'mvcValidator' 
2021-11-27 00:33:29,103 DEBUG o.s.b.f.s.DefaultListableBeanFactory [main] Creating shared instance of singleton bean 'messageConverters' 
2021-11-27 00:33:29,103 DEBUG o.s.b.f.s.DefaultListableBeanFactory [main] Creating shared instance of singleton bean 'org.springframework.boot.autoconfigure.http.HttpMessageConvertersAutoConfiguration' 
2021-11-27 00:33:29,105 DEBUG o.s.b.f.s.DefaultListableBeanFactory [main] Creating shared instance of singleton bean 'stringHttpMessageConverter' 
2021-11-27 00:33:29,105 DEBUG o.s.b.f.s.DefaultListableBeanFactory [main] Creating shared instance of singleton bean 'org.springframework.boot.autoconfigure.http.HttpMessageConvertersAutoConfiguration$StringHttpMessageConverterConfiguration' 
2021-11-27 00:33:29,105 DEBUG o.s.b.f.s.DefaultListableBeanFactory [main] Autowiring by type from bean name 'stringHttpMessageConverter' via factory method to bean named 'environment' 
2021-11-27 00:33:29,115 DEBUG o.s.b.f.s.DefaultListableBeanFactory [main] Creating shared instance of singleton bean 'mappingJackson2HttpMessageConverter' 
2021-11-27 00:33:29,115 DEBUG o.s.b.f.s.DefaultListableBeanFactory [main] Creating shared instance of singleton bean 'org.springframework.boot.autoconfigure.http.JacksonHttpMessageConvertersConfiguration$MappingJackson2HttpMessageConverterConfiguration' 
2021-11-27 00:33:29,116 DEBUG o.s.b.f.s.DefaultListableBeanFactory [main] Creating shared instance of singleton bean 'jacksonObjectMapper' 
2021-11-27 00:33:29,116 DEBUG o.s.b.f.s.DefaultListableBeanFactory [main] Creating shared instance of singleton bean 'org.springframework.boot.autoconfigure.jackson.JacksonAutoConfiguration$JacksonObjectMapperConfiguration' 
2021-11-27 00:33:29,116 DEBUG o.s.b.f.s.DefaultListableBeanFactory [main] Creating shared instance of singleton bean 'org.springframework.boot.autoconfigure.jackson.JacksonAutoConfiguration$JacksonObjectMapperBuilderConfiguration' 
2021-11-27 00:33:29,119 DEBUG o.s.b.f.s.DefaultListableBeanFactory [main] Creating shared instance of singleton bean 'standardJacksonObjectMapperBuilderCustomizer' 
2021-11-27 00:33:29,119 DEBUG o.s.b.f.s.DefaultListableBeanFactory [main] Creating shared instance of singleton bean 'org.springframework.boot.autoconfigure.jackson.JacksonAutoConfiguration$Jackson2ObjectMapperBuilderCustomizerConfiguration' 
2021-11-27 00:33:29,119 DEBUG o.s.b.f.s.DefaultListableBeanFactory [main] Creating shared instance of singleton bean 'spring.jackson-org.springframework.boot.autoconfigure.jackson.JacksonProperties' 
2021-11-27 00:33:29,119 DEBUG o.s.b.f.s.DefaultListableBeanFactory [main] Autowiring by type from bean name 'standardJacksonObjectMapperBuilderCustomizer' via factory method to bean named 'org.springframework.boot.web.servlet.context.AnnotationConfigServletWebServerApplicationContext@325f7fa9' 
2021-11-27 00:33:29,119 DEBUG o.s.b.f.s.DefaultListableBeanFactory [main] Autowiring by type from bean name 'standardJacksonObjectMapperBuilderCustomizer' via factory method to bean named 'spring.jackson-org.springframework.boot.autoconfigure.jackson.JacksonProperties' 
2021-11-27 00:33:29,119 DEBUG o.s.b.f.s.DefaultListableBeanFactory [main] Autowiring by type from bean name 'jacksonObjectMapperBuilder' via factory method to bean named 'org.springframework.boot.web.servlet.context.AnnotationConfigServletWebServerApplicationContext@325f7fa9' 
2021-11-27 00:33:29,119 DEBUG o.s.b.f.s.DefaultListableBeanFactory [main] Autowiring by type from bean name 'jacksonObjectMapperBuilder' via factory method to bean named 'standardJacksonObjectMapperBuilderCustomizer' 
2021-11-27 00:33:29,125 DEBUG o.s.b.f.s.DefaultListableBeanFactory [main] Creating shared instance of singleton bean 'parameterNamesModule' 
2021-11-27 00:33:29,125 DEBUG o.s.b.f.s.DefaultListableBeanFactory [main] Creating shared instance of singleton bean 'org.springframework.boot.autoconfigure.jackson.JacksonAutoConfiguration$ParameterNamesModuleConfiguration' 
2021-11-27 00:33:29,125 DEBUG o.s.b.f.s.DefaultListableBeanFactory [main] Creating shared instance of singleton bean 'jsonComponentModule' 
2021-11-27 00:33:29,125 DEBUG o.s.b.f.s.DefaultListableBeanFactory [main] Creating shared instance of singleton bean 'org.springframework.boot.autoconfigure.jackson.JacksonAutoConfiguration' 
2021-11-27 00:33:29,135 DEBUG o.s.b.f.s.DefaultListableBeanFactory [main] Autowiring by type from bean name 'jacksonObjectMapper' via factory method to bean named 'jacksonObjectMapperBuilder' 
2021-11-27 00:33:29,150 DEBUG o.s.b.f.s.DefaultListableBeanFactory [main] Autowiring by type from bean name 'mappingJackson2HttpMessageConverter' via factory method to bean named 'jacksonObjectMapper' 
2021-11-27 00:33:29,159 DEBUG o.s.b.f.s.DefaultListableBeanFactory [main] Creating shared instance of singleton bean 'applicationTaskExecutor' 
2021-11-27 00:33:29,159 DEBUG o.s.b.f.s.DefaultListableBeanFactory [main] Autowiring by type from bean name 'applicationTaskExecutor' via factory method to bean named 'taskExecutorBuilder' 
2021-11-27 00:33:29,166 DEBUG o.s.s.c.ThreadPoolTaskExecutor [main] Initializing ExecutorService 'applicationTaskExecutor' 
2021-11-27 00:33:29,178 DEBUG o.s.w.s.m.m.a.RequestMappingHandlerAdapter [main] ControllerAdvice beans: 0 @ModelAttribute, 0 @InitBinder, 1 RequestBodyAdvice, 1 ResponseBodyAdvice 
2021-11-27 00:33:29,189 DEBUG o.s.b.f.s.DefaultListableBeanFactory [main] Creating shared instance of singleton bean 'requestMappingHandlerMapping' 
2021-11-27 00:33:29,189 DEBUG o.s.b.f.s.DefaultListableBeanFactory [main] Creating shared instance of singleton bean 'mvcResourceUrlProvider' 
2021-11-27 00:33:29,194 DEBUG o.s.b.f.s.DefaultListableBeanFactory [main] Autowiring by type from bean name 'requestMappingHandlerMapping' via factory method to bean named 'mvcContentNegotiationManager' 
2021-11-27 00:33:29,194 DEBUG o.s.b.f.s.DefaultListableBeanFactory [main] Autowiring by type from bean name 'requestMappingHandlerMapping' via factory method to bean named 'mvcConversionService' 
2021-11-27 00:33:29,194 DEBUG o.s.b.f.s.DefaultListableBeanFactory [main] Autowiring by type from bean name 'requestMappingHandlerMapping' via factory method to bean named 'mvcResourceUrlProvider' 
2021-11-27 00:33:29,194 DEBUG o.s.b.f.s.DefaultListableBeanFactory [main] Autowiring by type from bean name 'requestMappingHandlerMapping' via factory method to bean named 'mvcContentNegotiationManager' 
2021-11-27 00:33:29,197 DEBUG o.s.b.f.s.DefaultListableBeanFactory [main] Autowiring by type from bean name 'requestMappingHandlerMapping' via factory method to bean named 'mvcConversionService' 
2021-11-27 00:33:29,197 DEBUG o.s.b.f.s.DefaultListableBeanFactory [main] Autowiring by type from bean name 'requestMappingHandlerMapping' via factory method to bean named 'mvcResourceUrlProvider' 
2021-11-27 00:33:29,225 DEBUG o.s.w.s.m.m.a.RequestMappingHandlerMapping [main] 3 mappings in 'requestMappingHandlerMapping' 
2021-11-27 00:33:29,225 DEBUG o.s.b.f.s.DefaultListableBeanFactory [main] Creating shared instance of singleton bean 'welcomePageHandlerMapping' 
2021-11-27 00:33:29,225 DEBUG o.s.b.f.s.DefaultListableBeanFactory [main] Autowiring by type from bean name 'welcomePageHandlerMapping' via factory method to bean named 'org.springframework.boot.web.servlet.context.AnnotationConfigServletWebServerApplicationContext@325f7fa9' 
2021-11-27 00:33:29,225 DEBUG o.s.b.f.s.DefaultListableBeanFactory [main] Autowiring by type from bean name 'welcomePageHandlerMapping' via factory method to bean named 'mvcConversionService' 
2021-11-27 00:33:29,225 DEBUG o.s.b.f.s.DefaultListableBeanFactory [main] Autowiring by type from bean name 'welcomePageHandlerMapping' via factory method to bean named 'mvcResourceUrlProvider' 
2021-11-27 00:33:29,225 DEBUG o.s.b.f.s.DefaultListableBeanFactory [main] Creating shared instance of singleton bean 'localeResolver' 
2021-11-27 00:33:29,229 DEBUG o.s.b.f.s.DefaultListableBeanFactory [main] Creating shared instance of singleton bean 'themeResolver' 
2021-11-27 00:33:29,229 DEBUG o.s.b.f.s.DefaultListableBeanFactory [main] Creating shared instance of singleton bean 'flashMapManager' 
2021-11-27 00:33:29,229 DEBUG o.s.b.f.s.DefaultListableBeanFactory [main] Creating shared instance of singleton bean 'mvcPatternParser' 
2021-11-27 00:33:29,229 DEBUG o.s.b.f.s.DefaultListableBeanFactory [main] Creating shared instance of singleton bean 'mvcUrlPathHelper' 
2021-11-27 00:33:29,234 DEBUG o.s.b.f.s.DefaultListableBeanFactory [main] Creating shared instance of singleton bean 'mvcPathMatcher' 
2021-11-27 00:33:29,234 DEBUG o.s.b.f.s.DefaultListableBeanFactory [main] Creating shared instance of singleton bean 'viewControllerHandlerMapping' 
2021-11-27 00:33:29,234 DEBUG o.s.b.f.s.DefaultListableBeanFactory [main] Autowiring by type from bean name 'viewControllerHandlerMapping' via factory method to bean named 'mvcConversionService' 
2021-11-27 00:33:29,234 DEBUG o.s.b.f.s.DefaultListableBeanFactory [main] Autowiring by type from bean name 'viewControllerHandlerMapping' via factory method to bean named 'mvcResourceUrlProvider' 
2021-11-27 00:33:29,234 DEBUG o.s.b.f.s.DefaultListableBeanFactory [main] Creating shared instance of singleton bean 'beanNameHandlerMapping' 
2021-11-27 00:33:29,237 DEBUG o.s.b.f.s.DefaultListableBeanFactory [main] Autowiring by type from bean name 'beanNameHandlerMapping' via factory method to bean named 'mvcConversionService' 
2021-11-27 00:33:29,237 DEBUG o.s.b.f.s.DefaultListableBeanFactory [main] Autowiring by type from bean name 'beanNameHandlerMapping' via factory method to bean named 'mvcResourceUrlProvider' 
2021-11-27 00:33:29,237 DEBUG o.s.b.f.s.DefaultListableBeanFactory [main] Creating shared instance of singleton bean 'routerFunctionMapping' 
2021-11-27 00:33:29,237 DEBUG o.s.b.f.s.DefaultListableBeanFactory [main] Autowiring by type from bean name 'routerFunctionMapping' via factory method to bean named 'mvcConversionService' 
2021-11-27 00:33:29,237 DEBUG o.s.b.f.s.DefaultListableBeanFactory [main] Autowiring by type from bean name 'routerFunctionMapping' via factory method to bean named 'mvcResourceUrlProvider' 
2021-11-27 00:33:29,237 DEBUG o.s.b.f.s.DefaultListableBeanFactory [main] Creating shared instance of singleton bean 'resourceHandlerMapping' 
2021-11-27 00:33:29,237 DEBUG o.s.b.f.s.DefaultListableBeanFactory [main] Autowiring by type from bean name 'resourceHandlerMapping' via factory method to bean named 'mvcContentNegotiationManager' 
2021-11-27 00:33:29,237 DEBUG o.s.b.f.s.DefaultListableBeanFactory [main] Autowiring by type from bean name 'resourceHandlerMapping' via factory method to bean named 'mvcConversionService' 
2021-11-27 00:33:29,237 DEBUG o.s.b.f.s.DefaultListableBeanFactory [main] Autowiring by type from bean name 'resourceHandlerMapping' via factory method to bean named 'mvcResourceUrlProvider' 
2021-11-27 00:33:29,250 DEBUG o.s.w.s.h.SimpleUrlHandlerMapping [main] Patterns [/webjars/**, /**] in 'resourceHandlerMapping' 
2021-11-27 00:33:29,253 DEBUG o.s.b.f.s.DefaultListableBeanFactory [main] Creating shared instance of singleton bean 'defaultServletHandlerMapping' 
2021-11-27 00:33:29,253 DEBUG o.s.b.f.s.DefaultListableBeanFactory [main] Creating shared instance of singleton bean 'handlerFunctionAdapter' 
2021-11-27 00:33:29,255 DEBUG o.s.b.f.s.DefaultListableBeanFactory [main] Creating shared instance of singleton bean 'mvcUriComponentsContributor' 
2021-11-27 00:33:29,256 DEBUG o.s.b.f.s.DefaultListableBeanFactory [main] Autowiring by type from bean name 'mvcUriComponentsContributor' via factory method to bean named 'mvcConversionService' 
2021-11-27 00:33:29,256 DEBUG o.s.b.f.s.DefaultListableBeanFactory [main] Autowiring by type from bean name 'mvcUriComponentsContributor' via factory method to bean named 'requestMappingHandlerAdapter' 
2021-11-27 00:33:29,257 DEBUG o.s.b.f.s.DefaultListableBeanFactory [main] Creating shared instance of singleton bean 'httpRequestHandlerAdapter' 
2021-11-27 00:33:29,257 DEBUG o.s.b.f.s.DefaultListableBeanFactory [main] Creating shared instance of singleton bean 'simpleControllerHandlerAdapter' 
2021-11-27 00:33:29,257 DEBUG o.s.b.f.s.DefaultListableBeanFactory [main] Creating shared instance of singleton bean 'handlerExceptionResolver' 
2021-11-27 00:33:29,257 DEBUG o.s.b.f.s.DefaultListableBeanFactory [main] Autowiring by type from bean name 'handlerExceptionResolver' via factory method to bean named 'mvcContentNegotiationManager' 
2021-11-27 00:33:29,257 DEBUG o.s.w.s.m.m.a.ExceptionHandlerExceptionResolver [main] ControllerAdvice beans: 0 @ExceptionHandler, 1 ResponseBodyAdvice 
2021-11-27 00:33:29,257 DEBUG o.s.b.f.s.DefaultListableBeanFactory [main] Creating shared instance of singleton bean 'mvcViewResolver' 
2021-11-27 00:33:29,257 DEBUG o.s.b.f.s.DefaultListableBeanFactory [main] Autowiring by type from bean name 'mvcViewResolver' via factory method to bean named 'mvcContentNegotiationManager' 
2021-11-27 00:33:29,265 DEBUG o.s.b.f.s.DefaultListableBeanFactory [main] Creating shared instance of singleton bean 'viewNameTranslator' 
2021-11-27 00:33:29,266 DEBUG o.s.b.f.s.DefaultListableBeanFactory [main] Creating shared instance of singleton bean 'defaultViewResolver' 
2021-11-27 00:33:29,268 DEBUG o.s.b.f.s.DefaultListableBeanFactory [main] Creating shared instance of singleton bean 'viewResolver' 
2021-11-27 00:33:29,268 DEBUG o.s.b.f.s.DefaultListableBeanFactory [main] Autowiring by type from bean name 'viewResolver' via factory method to bean named 'org.springframework.beans.factory.support.DefaultListableBeanFactory@4e38d975' 
2021-11-27 00:33:29,268 DEBUG o.s.b.f.s.DefaultListableBeanFactory [main] Creating shared instance of singleton bean 'viewResolver' 
2021-11-27 00:33:29,272 DEBUG o.s.b.f.s.DefaultListableBeanFactory [main] Creating shared instance of singleton bean 'org.springframework.boot.autoconfigure.jmx.JmxAutoConfiguration' 
2021-11-27 00:33:29,272 DEBUG o.s.b.f.s.DefaultListableBeanFactory [main] Autowiring by type from bean name 'org.springframework.boot.autoconfigure.jmx.JmxAutoConfiguration' via constructor to bean named 'environment' 
2021-11-27 00:33:29,272 DEBUG o.s.b.f.s.DefaultListableBeanFactory [main] Creating shared instance of singleton bean 'mbeanExporter' 
2021-11-27 00:33:29,272 DEBUG o.s.b.f.s.DefaultListableBeanFactory [main] Creating shared instance of singleton bean 'objectNamingStrategy' 
2021-11-27 00:33:29,273 DEBUG o.s.b.f.s.DefaultListableBeanFactory [main] Autowiring by type from bean name 'mbeanExporter' via factory method to bean named 'objectNamingStrategy' 
2021-11-27 00:33:29,273 DEBUG o.s.b.f.s.DefaultListableBeanFactory [main] Autowiring by type from bean name 'mbeanExporter' via factory method to bean named 'org.springframework.beans.factory.support.DefaultListableBeanFactory@4e38d975' 
2021-11-27 00:33:29,275 DEBUG o.s.b.f.s.DefaultListableBeanFactory [main] Creating shared instance of singleton bean 'mbeanServer' 
2021-11-27 00:33:29,281 DEBUG o.s.j.s.JmxUtils [main] Found MBeanServer: com.sun.jmx.mbeanserver.JmxMBeanServer@4e7dc304 
2021-11-27 00:33:29,281 DEBUG o.s.b.f.s.DefaultListableBeanFactory [main] Creating shared instance of singleton bean 'org.springframework.boot.autoconfigure.admin.SpringApplicationAdminJmxAutoConfiguration' 
2021-11-27 00:33:29,285 DEBUG o.s.b.f.s.DefaultListableBeanFactory [main] Creating shared instance of singleton bean 'springApplicationAdminRegistrar' 
2021-11-27 00:33:29,285 DEBUG o.s.b.f.s.DefaultListableBeanFactory [main] Autowiring by type from bean name 'springApplicationAdminRegistrar' via factory method to bean named 'environment' 
2021-11-27 00:33:29,286 DEBUG o.s.b.a.SpringApplicationAdminMXBeanRegistrar$SpringApplicationAdmin [main] Application Admin MBean registered with name 'org.springframework.boot:type=Admin,name=SpringApplication' 
2021-11-27 00:33:29,287 DEBUG o.s.b.f.s.DefaultListableBeanFactory [main] Creating shared instance of singleton bean 'org.springframework.boot.autoconfigure.aop.AopAutoConfiguration$ClassProxyingConfiguration' 
2021-11-27 00:33:29,287 DEBUG o.s.b.f.s.DefaultListableBeanFactory [main] Creating shared instance of singleton bean 'org.springframework.boot.autoconfigure.aop.AopAutoConfiguration' 
2021-11-27 00:33:29,287 DEBUG o.s.b.f.s.DefaultListableBeanFactory [main] Creating shared instance of singleton bean 'org.springframework.boot.autoconfigure.availability.ApplicationAvailabilityAutoConfiguration' 
2021-11-27 00:33:29,287 DEBUG o.s.b.f.s.DefaultListableBeanFactory [main] Creating shared instance of singleton bean 'applicationAvailability' 
2021-11-27 00:33:29,287 DEBUG o.s.b.f.s.DefaultListableBeanFactory [main] Creating shared instance of singleton bean 'org.springframework.boot.autoconfigure.context.ConfigurationPropertiesAutoConfiguration' 
2021-11-27 00:33:29,290 DEBUG o.s.b.f.s.DefaultListableBeanFactory [main] Creating shared instance of singleton bean 'org.springframework.boot.autoconfigure.context.LifecycleAutoConfiguration' 
2021-11-27 00:33:29,290 DEBUG o.s.b.f.s.DefaultListableBeanFactory [main] Creating shared instance of singleton bean 'lifecycleProcessor' 
2021-11-27 00:33:29,290 DEBUG o.s.b.f.s.DefaultListableBeanFactory [main] Creating shared instance of singleton bean 'spring.lifecycle-org.springframework.boot.autoconfigure.context.LifecycleProperties' 
2021-11-27 00:33:29,293 DEBUG o.s.b.f.s.DefaultListableBeanFactory [main] Autowiring by type from bean name 'lifecycleProcessor' via factory method to bean named 'spring.lifecycle-org.springframework.boot.autoconfigure.context.LifecycleProperties' 
2021-11-27 00:33:29,295 DEBUG o.s.b.f.s.DefaultListableBeanFactory [main] Creating shared instance of singleton bean 'org.springframework.boot.autoconfigure.http.JacksonHttpMessageConvertersConfiguration' 
2021-11-27 00:33:29,296 DEBUG o.s.b.f.s.DefaultListableBeanFactory [main] Creating shared instance of singleton bean 'org.springframework.boot.autoconfigure.info.ProjectInfoAutoConfiguration' 
2021-11-27 00:33:29,300 DEBUG o.s.b.f.s.DefaultListableBeanFactory [main] Creating shared instance of singleton bean 'spring.info-org.springframework.boot.autoconfigure.info.ProjectInfoProperties' 
2021-11-27 00:33:29,302 DEBUG o.s.b.f.s.DefaultListableBeanFactory [main] Autowiring by type from bean name 'org.springframework.boot.autoconfigure.info.ProjectInfoAutoConfiguration' via constructor to bean named 'spring.info-org.springframework.boot.autoconfigure.info.ProjectInfoProperties' 
2021-11-27 00:33:29,303 DEBUG o.s.b.f.s.DefaultListableBeanFactory [main] Creating shared instance of singleton bean 'org.springframework.boot.autoconfigure.sql.init.SqlInitializationAutoConfiguration' 
2021-11-27 00:33:29,305 DEBUG o.s.b.f.s.DefaultListableBeanFactory [main] Creating shared instance of singleton bean 'spring.sql.init-org.springframework.boot.autoconfigure.sql.init.SqlInitializationProperties' 
2021-11-27 00:33:29,305 DEBUG o.s.b.f.s.DefaultListableBeanFactory [main] Creating shared instance of singleton bean 'org.springframework.boot.autoconfigure.task.TaskSchedulingAutoConfiguration' 
2021-11-27 00:33:29,311 DEBUG o.s.b.f.s.DefaultListableBeanFactory [main] Creating shared instance of singleton bean 'scheduledBeanLazyInitializationExcludeFilter' 
2021-11-27 00:33:29,313 DEBUG o.s.b.f.s.DefaultListableBeanFactory [main] Creating shared instance of singleton bean 'taskSchedulerBuilder' 
2021-11-27 00:33:29,315 DEBUG o.s.b.f.s.DefaultListableBeanFactory [main] Creating shared instance of singleton bean 'spring.task.scheduling-org.springframework.boot.autoconfigure.task.TaskSchedulingProperties' 
2021-11-27 00:33:29,319 DEBUG o.s.b.f.s.DefaultListableBeanFactory [main] Autowiring by type from bean name 'taskSchedulerBuilder' via factory method to bean named 'spring.task.scheduling-org.springframework.boot.autoconfigure.task.TaskSchedulingProperties' 
2021-11-27 00:33:29,320 DEBUG o.s.b.f.s.DefaultListableBeanFactory [main] Creating shared instance of singleton bean 'org.springframework.boot.autoconfigure.web.client.RestTemplateAutoConfiguration' 
2021-11-27 00:33:29,320 DEBUG o.s.b.f.s.DefaultListableBeanFactory [main] Creating shared instance of singleton bean 'org.springframework.boot.autoconfigure.web.embedded.EmbeddedWebServerFactoryCustomizerAutoConfiguration' 
2021-11-27 00:33:29,322 DEBUG o.s.b.f.s.DefaultListableBeanFactory [main] Creating shared instance of singleton bean 'multipartResolver' 
2021-11-27 00:33:29,335 DEBUG o.s.j.e.a.AnnotationMBeanExporter [main] Registering beans for JMX exposure on startup 
2021-11-27 00:33:29,337 DEBUG o.s.j.e.a.AnnotationMBeanExporter [main] Autodetecting user-defined JMX MBeans 
2021-11-27 00:33:29,348 DEBUG o.s.c.s.DefaultLifecycleProcessor [main] Starting beans in phase 2147483646 
2021-11-27 00:33:29,350 INFO o.a.c.h.Http11NioProtocol [main] Starting ProtocolHandler ["http-nio-127.0.0.1-8080"] 
2021-11-27 00:33:29,371 INFO o.s.b.w.e.t.TomcatWebServer [main] Tomcat started on port(s): 8080 (http) with context path '' 
2021-11-27 00:33:29,372 DEBUG o.s.c.s.DefaultLifecycleProcessor [main] Successfully started bean 'webServerStartStop' 
2021-11-27 00:33:29,373 DEBUG o.s.c.s.DefaultLifecycleProcessor [main] Starting beans in phase 2147483647 
2021-11-27 00:33:29,374 DEBUG o.s.c.s.DefaultLifecycleProcessor [main] Successfully started bean 'webServerGracefulShutdown' 
2021-11-27 00:33:29,398 DEBUG o.s.b.a.l.ConditionEvaluationReportLoggingListener [main] 


============================
CONDITIONS EVALUATION REPORT
============================


Positive matches:
-----------------

   AopAutoConfiguration matched:
      - @ConditionalOnProperty (spring.aop.auto=true) matched (OnPropertyCondition)

   AopAutoConfiguration.ClassProxyingConfiguration matched:
      - @ConditionalOnMissingClass did not find unwanted class 'org.aspectj.weaver.Advice' (OnClassCondition)
      - @ConditionalOnProperty (spring.aop.proxy-target-class=true) matched (OnPropertyCondition)

   DispatcherServletAutoConfiguration matched:
      - @ConditionalOnClass found required class 'org.springframework.web.servlet.DispatcherServlet' (OnClassCondition)
      - found 'session' scope (OnWebApplicationCondition)

   DispatcherServletAutoConfiguration.DispatcherServletConfiguration matched:
      - @ConditionalOnClass found required class 'javax.servlet.ServletRegistration' (OnClassCondition)
      - Default DispatcherServlet did not find dispatcher servlet beans (DispatcherServletAutoConfiguration.DefaultDispatcherServletCondition)

   DispatcherServletAutoConfiguration.DispatcherServletRegistrationConfiguration matched:
      - @ConditionalOnClass found required class 'javax.servlet.ServletRegistration' (OnClassCondition)
      - DispatcherServlet Registration did not find servlet registration bean (DispatcherServletAutoConfiguration.DispatcherServletRegistrationCondition)

   DispatcherServletAutoConfiguration.DispatcherServletRegistrationConfiguration#dispatcherServletRegistration matched:
      - @ConditionalOnBean (names: dispatcherServlet types: org.springframework.web.servlet.DispatcherServlet; SearchStrategy: all) found bean 'dispatcherServlet' (OnBeanCondition)

   EmbeddedWebServerFactoryCustomizerAutoConfiguration matched:
      - @ConditionalOnWebApplication (required) found 'session' scope (OnWebApplicationCondition)

   EmbeddedWebServerFactoryCustomizerAutoConfiguration.TomcatWebServerFactoryCustomizerConfiguration matched:
      - @ConditionalOnClass found required classes 'org.apache.catalina.startup.Tomcat', 'org.apache.coyote.UpgradeProtocol' (OnClassCondition)

   ErrorMvcAutoConfiguration matched:
      - @ConditionalOnClass found required classes 'javax.servlet.Servlet', 'org.springframework.web.servlet.DispatcherServlet' (OnClassCondition)
      - found 'session' scope (OnWebApplicationCondition)

   ErrorMvcAutoConfiguration#basicErrorController matched:
      - @ConditionalOnMissingBean (types: org.springframework.boot.web.servlet.error.ErrorController; SearchStrategy: current) did not find any beans (OnBeanCondition)

   ErrorMvcAutoConfiguration#errorAttributes matched:
      - @ConditionalOnMissingBean (types: org.springframework.boot.web.servlet.error.ErrorAttributes; SearchStrategy: current) did not find any beans (OnBeanCondition)

   ErrorMvcAutoConfiguration.DefaultErrorViewResolverConfiguration#conventionErrorViewResolver matched:
      - @ConditionalOnBean (types: org.springframework.web.servlet.DispatcherServlet; SearchStrategy: all) found bean 'dispatcherServlet'; @ConditionalOnMissingBean (types: org.springframework.boot.autoconfigure.web.servlet.error.ErrorViewResolver; SearchStrategy: all) did not find any beans (OnBeanCondition)

   ErrorMvcAutoConfiguration.WhitelabelErrorViewConfiguration matched:
      - @ConditionalOnProperty (server.error.whitelabel.enabled) matched (OnPropertyCondition)
      - ErrorTemplate Missing did not find error template view (ErrorMvcAutoConfiguration.ErrorTemplateMissingCondition)

   ErrorMvcAutoConfiguration.WhitelabelErrorViewConfiguration#beanNameViewResolver matched:
      - @ConditionalOnMissingBean (types: org.springframework.web.servlet.view.BeanNameViewResolver; SearchStrategy: all) did not find any beans (OnBeanCondition)

   ErrorMvcAutoConfiguration.WhitelabelErrorViewConfiguration#defaultErrorView matched:
      - @ConditionalOnMissingBean (names: error; SearchStrategy: all) did not find any beans (OnBeanCondition)

   GenericCacheConfiguration matched:
      - Cache org.springframework.boot.autoconfigure.cache.GenericCacheConfiguration automatic cache type (CacheCondition)

   HttpEncodingAutoConfiguration matched:
      - @ConditionalOnClass found required class 'org.springframework.web.filter.CharacterEncodingFilter' (OnClassCondition)
      - found 'session' scope (OnWebApplicationCondition)
      - @ConditionalOnProperty (server.servlet.encoding.enabled) matched (OnPropertyCondition)

   HttpEncodingAutoConfiguration#characterEncodingFilter matched:
      - @ConditionalOnMissingBean (types: org.springframework.web.filter.CharacterEncodingFilter; SearchStrategy: all) did not find any beans (OnBeanCondition)

   HttpMessageConvertersAutoConfiguration matched:
      - @ConditionalOnClass found required class 'org.springframework.http.converter.HttpMessageConverter' (OnClassCondition)
      - NoneNestedConditions 0 matched 1 did not; NestedCondition on HttpMessageConvertersAutoConfiguration.NotReactiveWebApplicationCondition.ReactiveWebApplication did not find reactive web application classes (HttpMessageConvertersAutoConfiguration.NotReactiveWebApplicationCondition)

   HttpMessageConvertersAutoConfiguration#messageConverters matched:
      - @ConditionalOnMissingBean (types: org.springframework.boot.autoconfigure.http.HttpMessageConverters; SearchStrategy: all) did not find any beans (OnBeanCondition)

   HttpMessageConvertersAutoConfiguration.StringHttpMessageConverterConfiguration matched:
      - @ConditionalOnClass found required class 'org.springframework.http.converter.StringHttpMessageConverter' (OnClassCondition)

   HttpMessageConvertersAutoConfiguration.StringHttpMessageConverterConfiguration#stringHttpMessageConverter matched:
      - @ConditionalOnMissingBean (types: org.springframework.http.converter.StringHttpMessageConverter; SearchStrategy: all) did not find any beans (OnBeanCondition)

   JacksonAutoConfiguration matched:
      - @ConditionalOnClass found required class 'com.fasterxml.jackson.databind.ObjectMapper' (OnClassCondition)

   JacksonAutoConfiguration.Jackson2ObjectMapperBuilderCustomizerConfiguration matched:
      - @ConditionalOnClass found required class 'org.springframework.http.converter.json.Jackson2ObjectMapperBuilder' (OnClassCondition)

   JacksonAutoConfiguration.JacksonObjectMapperBuilderConfiguration matched:
      - @ConditionalOnClass found required class 'org.springframework.http.converter.json.Jackson2ObjectMapperBuilder' (OnClassCondition)

   JacksonAutoConfiguration.JacksonObjectMapperBuilderConfiguration#jacksonObjectMapperBuilder matched:
      - @ConditionalOnMissingBean (types: org.springframework.http.converter.json.Jackson2ObjectMapperBuilder; SearchStrategy: all) did not find any beans (OnBeanCondition)

   JacksonAutoConfiguration.JacksonObjectMapperConfiguration matched:
      - @ConditionalOnClass found required class 'org.springframework.http.converter.json.Jackson2ObjectMapperBuilder' (OnClassCondition)

   JacksonAutoConfiguration.JacksonObjectMapperConfiguration#jacksonObjectMapper matched:
      - @ConditionalOnMissingBean (types: com.fasterxml.jackson.databind.ObjectMapper; SearchStrategy: all) did not find any beans (OnBeanCondition)

   JacksonAutoConfiguration.ParameterNamesModuleConfiguration matched:
      - @ConditionalOnClass found required class 'com.fasterxml.jackson.module.paramnames.ParameterNamesModule' (OnClassCondition)

   JacksonAutoConfiguration.ParameterNamesModuleConfiguration#parameterNamesModule matched:
      - @ConditionalOnMissingBean (types: com.fasterxml.jackson.module.paramnames.ParameterNamesModule; SearchStrategy: all) did not find any beans (OnBeanCondition)

   JacksonHttpMessageConvertersConfiguration.MappingJackson2HttpMessageConverterConfiguration matched:
      - @ConditionalOnClass found required class 'com.fasterxml.jackson.databind.ObjectMapper' (OnClassCondition)
      - @ConditionalOnProperty (spring.mvc.converters.preferred-json-mapper=jackson) matched (OnPropertyCondition)
      - @ConditionalOnBean (types: com.fasterxml.jackson.databind.ObjectMapper; SearchStrategy: all) found bean 'jacksonObjectMapper' (OnBeanCondition)

   JacksonHttpMessageConvertersConfiguration.MappingJackson2HttpMessageConverterConfiguration#mappingJackson2HttpMessageConverter matched:
      - @ConditionalOnMissingBean (types: org.springframework.http.converter.json.MappingJackson2HttpMessageConverter ignored: org.springframework.hateoas.server.mvc.TypeConstrainedMappingJackson2HttpMessageConverter,org.springframework.data.rest.webmvc.alps.AlpsJsonHttpMessageConverter; SearchStrategy: all) did not find any beans (OnBeanCondition)

   JmxAutoConfiguration matched:
      - @ConditionalOnClass found required class 'org.springframework.jmx.export.MBeanExporter' (OnClassCondition)
      - @ConditionalOnProperty (spring.jmx.enabled=true) matched (OnPropertyCondition)

   JmxAutoConfiguration#mbeanExporter matched:
      - @ConditionalOnMissingBean (types: org.springframework.jmx.export.MBeanExporter; SearchStrategy: current) did not find any beans (OnBeanCondition)

   JmxAutoConfiguration#mbeanServer matched:
      - @ConditionalOnMissingBean (types: javax.management.MBeanServer; SearchStrategy: all) did not find any beans (OnBeanCondition)

   JmxAutoConfiguration#objectNamingStrategy matched:
      - @ConditionalOnMissingBean (types: org.springframework.jmx.export.naming.ObjectNamingStrategy; SearchStrategy: current) did not find any beans (OnBeanCondition)

   LifecycleAutoConfiguration#defaultLifecycleProcessor matched:
      - @ConditionalOnMissingBean (names: lifecycleProcessor; SearchStrategy: current) did not find any beans (OnBeanCondition)

   MultipartAutoConfiguration matched:
      - @ConditionalOnClass found required classes 'javax.servlet.Servlet', 'org.springframework.web.multipart.support.StandardServletMultipartResolver', 'javax.servlet.MultipartConfigElement' (OnClassCondition)
      - found 'session' scope (OnWebApplicationCondition)
      - @ConditionalOnProperty (spring.servlet.multipart.enabled) matched (OnPropertyCondition)

   MultipartAutoConfiguration#multipartConfigElement matched:
      - @ConditionalOnMissingBean (types: javax.servlet.MultipartConfigElement,org.springframework.web.multipart.commons.CommonsMultipartResolver; SearchStrategy: all) did not find any beans (OnBeanCondition)

   MultipartAutoConfiguration#multipartResolver matched:
      - @ConditionalOnMissingBean (types: org.springframework.web.multipart.MultipartResolver; SearchStrategy: all) did not find any beans (OnBeanCondition)

   NoOpCacheConfiguration matched:
      - Cache org.springframework.boot.autoconfigure.cache.NoOpCacheConfiguration automatic cache type (CacheCondition)

   PropertyPlaceholderAutoConfiguration#propertySourcesPlaceholderConfigurer matched:
      - @ConditionalOnMissingBean (types: org.springframework.context.support.PropertySourcesPlaceholderConfigurer; SearchStrategy: current) did not find any beans (OnBeanCondition)

   RestTemplateAutoConfiguration matched:
      - @ConditionalOnClass found required class 'org.springframework.web.client.RestTemplate' (OnClassCondition)
      - NoneNestedConditions 0 matched 1 did not; NestedCondition on RestTemplateAutoConfiguration.NotReactiveWebApplicationCondition.ReactiveWebApplication did not find reactive web application classes (RestTemplateAutoConfiguration.NotReactiveWebApplicationCondition)

   RestTemplateAutoConfiguration#restTemplateBuilder matched:
      - @ConditionalOnMissingBean (types: org.springframework.boot.web.client.RestTemplateBuilder; SearchStrategy: all) did not find any beans (OnBeanCondition)

   RestTemplateAutoConfiguration#restTemplateBuilderConfigurer matched:
      - @ConditionalOnMissingBean (types: org.springframework.boot.autoconfigure.web.client.RestTemplateBuilderConfigurer; SearchStrategy: all) did not find any beans (OnBeanCondition)

   ServletWebServerFactoryAutoConfiguration matched:
      - @ConditionalOnClass found required class 'javax.servlet.ServletRequest' (OnClassCondition)
      - found 'session' scope (OnWebApplicationCondition)

   ServletWebServerFactoryAutoConfiguration#tomcatServletWebServerFactoryCustomizer matched:
      - @ConditionalOnClass found required class 'org.apache.catalina.startup.Tomcat' (OnClassCondition)

   ServletWebServerFactoryConfiguration.EmbeddedTomcat matched:
      - @ConditionalOnClass found required classes 'javax.servlet.Servlet', 'org.apache.catalina.startup.Tomcat', 'org.apache.coyote.UpgradeProtocol' (OnClassCondition)
      - @ConditionalOnMissingBean (types: org.springframework.boot.web.servlet.server.ServletWebServerFactory; SearchStrategy: current) did not find any beans (OnBeanCondition)

   SimpleCacheConfiguration matched:
      - Cache org.springframework.boot.autoconfigure.cache.SimpleCacheConfiguration automatic cache type (CacheCondition)

   SpringApplicationAdminJmxAutoConfiguration matched:
      - @ConditionalOnProperty (spring.application.admin.enabled=true) matched (OnPropertyCondition)

   SpringApplicationAdminJmxAutoConfiguration#springApplicationAdminRegistrar matched:
      - @ConditionalOnMissingBean (types: org.springframework.boot.admin.SpringApplicationAdminMXBeanRegistrar; SearchStrategy: all) did not find any beans (OnBeanCondition)

   SqlInitializationAutoConfiguration matched:
      - @ConditionalOnProperty (spring.sql.init.enabled) matched (OnPropertyCondition)
      - NoneNestedConditions 0 matched 1 did not; NestedCondition on SqlInitializationAutoConfiguration.SqlInitializationModeCondition.ModeIsNever @ConditionalOnProperty (spring.sql.init.mode=never) did not find property 'mode' (SqlInitializationAutoConfiguration.SqlInitializationModeCondition)

   TaskExecutionAutoConfiguration matched:
      - @ConditionalOnClass found required class 'org.springframework.scheduling.concurrent.ThreadPoolTaskExecutor' (OnClassCondition)

   TaskExecutionAutoConfiguration#applicationTaskExecutor matched:
      - @ConditionalOnMissingBean (types: java.util.concurrent.Executor; SearchStrategy: all) did not find any beans (OnBeanCondition)

   TaskExecutionAutoConfiguration#taskExecutorBuilder matched:
      - @ConditionalOnMissingBean (types: org.springframework.boot.task.TaskExecutorBuilder; SearchStrategy: all) did not find any beans (OnBeanCondition)

   TaskSchedulingAutoConfiguration matched:
      - @ConditionalOnClass found required class 'org.springframework.scheduling.concurrent.ThreadPoolTaskScheduler' (OnClassCondition)

   TaskSchedulingAutoConfiguration#taskSchedulerBuilder matched:
      - @ConditionalOnMissingBean (types: org.springframework.boot.task.TaskSchedulerBuilder; SearchStrategy: all) did not find any beans (OnBeanCondition)

   WebMvcAutoConfiguration matched:
      - @ConditionalOnClass found required classes 'javax.servlet.Servlet', 'org.springframework.web.servlet.DispatcherServlet', 'org.springframework.web.servlet.config.annotation.WebMvcConfigurer' (OnClassCondition)
      - found 'session' scope (OnWebApplicationCondition)
      - @ConditionalOnMissingBean (types: org.springframework.web.servlet.config.annotation.WebMvcConfigurationSupport; SearchStrategy: all) did not find any beans (OnBeanCondition)

   WebMvcAutoConfiguration#formContentFilter matched:
      - @ConditionalOnProperty (spring.mvc.formcontent.filter.enabled) matched (OnPropertyCondition)
      - @ConditionalOnMissingBean (types: org.springframework.web.filter.FormContentFilter; SearchStrategy: all) did not find any beans (OnBeanCondition)

   WebMvcAutoConfiguration.EnableWebMvcConfiguration#flashMapManager matched:
      - @ConditionalOnMissingBean (names: flashMapManager; SearchStrategy: all) did not find any beans (OnBeanCondition)

   WebMvcAutoConfiguration.EnableWebMvcConfiguration#localeResolver matched:
      - @ConditionalOnMissingBean (names: localeResolver; SearchStrategy: all) did not find any beans (OnBeanCondition)

   WebMvcAutoConfiguration.EnableWebMvcConfiguration#themeResolver matched:
      - @ConditionalOnMissingBean (names: themeResolver; SearchStrategy: all) did not find any beans (OnBeanCondition)

   WebMvcAutoConfiguration.WebMvcAutoConfigurationAdapter#defaultViewResolver matched:
      - @ConditionalOnMissingBean (types: org.springframework.web.servlet.view.InternalResourceViewResolver; SearchStrategy: all) did not find any beans (OnBeanCondition)

   WebMvcAutoConfiguration.WebMvcAutoConfigurationAdapter#requestContextFilter matched:
      - @ConditionalOnMissingBean (types: org.springframework.web.context.request.RequestContextListener,org.springframework.web.filter.RequestContextFilter; SearchStrategy: all) did not find any beans (OnBeanCondition)

   WebMvcAutoConfiguration.WebMvcAutoConfigurationAdapter#viewResolver matched:
      - @ConditionalOnBean (types: org.springframework.web.servlet.ViewResolver; SearchStrategy: all) found beans 'defaultViewResolver', 'beanNameViewResolver', 'mvcViewResolver'; @ConditionalOnMissingBean (names: viewResolver types: org.springframework.web.servlet.view.ContentNegotiatingViewResolver; SearchStrategy: all) did not find any beans (OnBeanCondition)

   WebSocketServletAutoConfiguration matched:
      - @ConditionalOnClass found required classes 'javax.servlet.Servlet', 'javax.websocket.server.ServerContainer' (OnClassCondition)
      - found 'session' scope (OnWebApplicationCondition)

   WebSocketServletAutoConfiguration.TomcatWebSocketConfiguration matched:
      - @ConditionalOnClass found required classes 'org.apache.catalina.startup.Tomcat', 'org.apache.tomcat.websocket.server.WsSci' (OnClassCondition)

   WebSocketServletAutoConfiguration.TomcatWebSocketConfiguration#websocketServletWebServerCustomizer matched:
      - @ConditionalOnMissingBean (names: websocketServletWebServerCustomizer; SearchStrategy: all) did not find any beans (OnBeanCondition)


Negative matches:
-----------------

   ActiveMQAutoConfiguration:
      Did not match:
         - @ConditionalOnClass did not find required class 'javax.jms.ConnectionFactory' (OnClassCondition)

   AopAutoConfiguration.AspectJAutoProxyingConfiguration:
      Did not match:
         - @ConditionalOnClass did not find required class 'org.aspectj.weaver.Advice' (OnClassCondition)

   ArtemisAutoConfiguration:
      Did not match:
         - @ConditionalOnClass did not find required class 'javax.jms.ConnectionFactory' (OnClassCondition)

   BatchAutoConfiguration:
      Did not match:
         - @ConditionalOnClass did not find required class 'org.springframework.batch.core.launch.JobLauncher' (OnClassCondition)

   CacheAutoConfiguration:
      Did not match:
         - @ConditionalOnBean (types: org.springframework.cache.interceptor.CacheAspectSupport; SearchStrategy: all) did not find any beans of type org.springframework.cache.interceptor.CacheAspectSupport (OnBeanCondition)
      Matched:
         - @ConditionalOnClass found required class 'org.springframework.cache.CacheManager' (OnClassCondition)

   CacheAutoConfiguration.CacheManagerEntityManagerFactoryDependsOnPostProcessor:
      Did not match:
         - @ConditionalOnClass did not find required class 'org.springframework.orm.jpa.LocalContainerEntityManagerFactoryBean' (OnClassCondition)
         - Ancestor org.springframework.boot.autoconfigure.cache.CacheAutoConfiguration did not match (ConditionEvaluationReport.AncestorsMatchedCondition)

   CaffeineCacheConfiguration:
      Did not match:
         - @ConditionalOnClass did not find required class 'com.github.benmanes.caffeine.cache.Caffeine' (OnClassCondition)

   CassandraAutoConfiguration:
      Did not match:
         - @ConditionalOnClass did not find required class 'com.datastax.oss.driver.api.core.CqlSession' (OnClassCondition)

   CassandraDataAutoConfiguration:
      Did not match:
         - @ConditionalOnClass did not find required class 'com.datastax.oss.driver.api.core.CqlSession' (OnClassCondition)

   CassandraReactiveDataAutoConfiguration:
      Did not match:
         - @ConditionalOnClass did not find required class 'com.datastax.oss.driver.api.core.CqlSession' (OnClassCondition)

   CassandraReactiveRepositoriesAutoConfiguration:
      Did not match:
         - @ConditionalOnClass did not find required class 'org.springframework.data.cassandra.ReactiveSession' (OnClassCondition)

   CassandraRepositoriesAutoConfiguration:
      Did not match:
         - @ConditionalOnClass did not find required class 'com.datastax.oss.driver.api.core.CqlSession' (OnClassCondition)

   ClientHttpConnectorAutoConfiguration:
      Did not match:
         - @ConditionalOnClass did not find required class 'org.springframework.web.reactive.function.client.WebClient' (OnClassCondition)

   CodecsAutoConfiguration:
      Did not match:
         - @ConditionalOnClass did not find required class 'org.springframework.web.reactive.function.client.WebClient' (OnClassCondition)

   CouchbaseAutoConfiguration:
      Did not match:
         - @ConditionalOnClass did not find required class 'com.couchbase.client.java.Cluster' (OnClassCondition)

   CouchbaseCacheConfiguration:
      Did not match:
         - @ConditionalOnClass did not find required class 'com.couchbase.client.java.Cluster' (OnClassCondition)

   CouchbaseDataAutoConfiguration:
      Did not match:
         - @ConditionalOnClass did not find required class 'com.couchbase.client.java.Bucket' (OnClassCondition)

   CouchbaseReactiveDataAutoConfiguration:
      Did not match:
         - @ConditionalOnClass did not find required class 'com.couchbase.client.java.Cluster' (OnClassCondition)

   CouchbaseReactiveRepositoriesAutoConfiguration:
      Did not match:
         - @ConditionalOnClass did not find required class 'com.couchbase.client.java.Cluster' (OnClassCondition)

   CouchbaseRepositoriesAutoConfiguration:
      Did not match:
         - @ConditionalOnClass did not find required class 'com.couchbase.client.java.Bucket' (OnClassCondition)

   DataSourceAutoConfiguration:
      Did not match:
         - @ConditionalOnClass did not find required class 'org.springframework.jdbc.datasource.embedded.EmbeddedDatabaseType' (OnClassCondition)

   DataSourceInitializationConfiguration:
      Did not match:
         - @ConditionalOnClass did not find required class 'org.springframework.jdbc.datasource.init.DatabasePopulator' (OnClassCondition)

   DataSourceTransactionManagerAutoConfiguration:
      Did not match:
         - @ConditionalOnClass did not find required class 'org.springframework.jdbc.core.JdbcTemplate' (OnClassCondition)

   DispatcherServletAutoConfiguration.DispatcherServletConfiguration#multipartResolver:
      Did not match:
         - @ConditionalOnBean (types: org.springframework.web.multipart.MultipartResolver; SearchStrategy: all) did not find any beans of type org.springframework.web.multipart.MultipartResolver (OnBeanCondition)

   EhCacheCacheConfiguration:
      Did not match:
         - @ConditionalOnClass did not find required class 'net.sf.ehcache.Cache' (OnClassCondition)

   ElasticsearchDataAutoConfiguration:
      Did not match:
         - @ConditionalOnClass did not find required class 'org.springframework.data.elasticsearch.core.ElasticsearchRestTemplate' (OnClassCondition)

   ElasticsearchRepositoriesAutoConfiguration:
      Did not match:
         - @ConditionalOnClass did not find required class 'org.elasticsearch.client.Client' (OnClassCondition)

   ElasticsearchRestClientAutoConfiguration:
      Did not match:
         - @ConditionalOnClass did not find required class 'org.elasticsearch.client.RestClientBuilder' (OnClassCondition)

   EmbeddedLdapAutoConfiguration:
      Did not match:
         - @ConditionalOnClass did not find required class 'com.unboundid.ldap.listener.InMemoryDirectoryServer' (OnClassCondition)

   EmbeddedMongoAutoConfiguration:
      Did not match:
         - @ConditionalOnClass did not find required class 'com.mongodb.MongoClientSettings' (OnClassCondition)

   EmbeddedWebServerFactoryCustomizerAutoConfiguration.JettyWebServerFactoryCustomizerConfiguration:
      Did not match:
         - @ConditionalOnClass did not find required classes 'org.eclipse.jetty.server.Server', 'org.eclipse.jetty.util.Loader', 'org.eclipse.jetty.webapp.WebAppContext' (OnClassCondition)

   EmbeddedWebServerFactoryCustomizerAutoConfiguration.NettyWebServerFactoryCustomizerConfiguration:
      Did not match:
         - @ConditionalOnClass did not find required class 'reactor.netty.http.server.HttpServer' (OnClassCondition)

   EmbeddedWebServerFactoryCustomizerAutoConfiguration.UndertowWebServerFactoryCustomizerConfiguration:
      Did not match:
         - @ConditionalOnClass did not find required classes 'io.undertow.Undertow', 'org.xnio.SslClientAuthMode' (OnClassCondition)

   ErrorWebFluxAutoConfiguration:
      Did not match:
         - @ConditionalOnClass did not find required class 'org.springframework.web.reactive.config.WebFluxConfigurer' (OnClassCondition)

   FlywayAutoConfiguration:
      Did not match:
         - @ConditionalOnClass did not find required class 'org.flywaydb.core.Flyway' (OnClassCondition)

   FreeMarkerAutoConfiguration:
      Did not match:
         - @ConditionalOnClass did not find required class 'freemarker.template.Configuration' (OnClassCondition)

   GroovyTemplateAutoConfiguration:
      Did not match:
         - @ConditionalOnClass did not find required class 'groovy.text.markup.MarkupTemplateEngine' (OnClassCondition)

   GsonAutoConfiguration:
      Did not match:
         - @ConditionalOnClass did not find required class 'com.google.gson.Gson' (OnClassCondition)

   GsonHttpMessageConvertersConfiguration:
      Did not match:
         - @ConditionalOnClass did not find required class 'com.google.gson.Gson' (OnClassCondition)

   H2ConsoleAutoConfiguration:
      Did not match:
         - @ConditionalOnClass did not find required class 'org.h2.server.web.WebServlet' (OnClassCondition)

   HazelcastAutoConfiguration:
      Did not match:
         - @ConditionalOnClass did not find required class 'com.hazelcast.core.HazelcastInstance' (OnClassCondition)

   HazelcastCacheConfiguration:
      Did not match:
         - @ConditionalOnClass did not find required class 'com.hazelcast.core.HazelcastInstance' (OnClassCondition)

   HazelcastJpaDependencyAutoConfiguration:
      Did not match:
         - @ConditionalOnClass did not find required class 'com.hazelcast.core.HazelcastInstance' (OnClassCondition)

   HibernateJpaAutoConfiguration:
      Did not match:
         - @ConditionalOnClass did not find required class 'javax.persistence.EntityManager' (OnClassCondition)

   HttpHandlerAutoConfiguration:
      Did not match:
         - @ConditionalOnClass did not find required class 'org.springframework.web.reactive.DispatcherHandler' (OnClassCondition)

   HypermediaAutoConfiguration:
      Did not match:
         - @ConditionalOnClass did not find required class 'org.springframework.hateoas.EntityModel' (OnClassCondition)

   InfinispanCacheConfiguration:
      Did not match:
         - @ConditionalOnClass did not find required class 'org.infinispan.spring.embedded.provider.SpringEmbeddedCacheManager' (OnClassCondition)

   InfluxDbAutoConfiguration:
      Did not match:
         - @ConditionalOnClass did not find required class 'org.influxdb.InfluxDB' (OnClassCondition)

   IntegrationAutoConfiguration:
      Did not match:
         - @ConditionalOnClass did not find required class 'org.springframework.integration.config.EnableIntegration' (OnClassCondition)

   JCacheCacheConfiguration:
      Did not match:
         - @ConditionalOnClass did not find required class 'javax.cache.Caching' (OnClassCondition)

   JacksonHttpMessageConvertersConfiguration.MappingJackson2XmlHttpMessageConverterConfiguration:
      Did not match:
         - @ConditionalOnClass did not find required class 'com.fasterxml.jackson.dataformat.xml.XmlMapper' (OnClassCondition)

   JdbcRepositoriesAutoConfiguration:
      Did not match:
         - @ConditionalOnClass did not find required class 'org.springframework.data.jdbc.repository.config.AbstractJdbcConfiguration' (OnClassCondition)

   JdbcTemplateAutoConfiguration:
      Did not match:
         - @ConditionalOnClass did not find required class 'org.springframework.jdbc.core.JdbcTemplate' (OnClassCondition)

   JerseyAutoConfiguration:
      Did not match:
         - @ConditionalOnClass did not find required class 'org.glassfish.jersey.server.spring.SpringComponentProvider' (OnClassCondition)

   JmsAutoConfiguration:
      Did not match:
         - @ConditionalOnClass did not find required class 'javax.jms.Message' (OnClassCondition)

   JndiConnectionFactoryAutoConfiguration:
      Did not match:
         - @ConditionalOnClass did not find required class 'org.springframework.jms.core.JmsTemplate' (OnClassCondition)

   JndiDataSourceAutoConfiguration:
      Did not match:
         - @ConditionalOnClass did not find required class 'org.springframework.jdbc.datasource.embedded.EmbeddedDatabaseType' (OnClassCondition)

   JooqAutoConfiguration:
      Did not match:
         - @ConditionalOnClass did not find required class 'org.jooq.DSLContext' (OnClassCondition)

   JpaRepositoriesAutoConfiguration:
      Did not match:
         - @ConditionalOnClass did not find required class 'org.springframework.data.jpa.repository.JpaRepository' (OnClassCondition)

   JsonbAutoConfiguration:
      Did not match:
         - @ConditionalOnClass did not find required class 'javax.json.bind.Jsonb' (OnClassCondition)

   JsonbHttpMessageConvertersConfiguration:
      Did not match:
         - @ConditionalOnClass did not find required class 'javax.json.bind.Jsonb' (OnClassCondition)

   JtaAutoConfiguration:
      Did not match:
         - @ConditionalOnClass did not find required class 'javax.transaction.Transaction' (OnClassCondition)

   KafkaAutoConfiguration:
      Did not match:
         - @ConditionalOnClass did not find required class 'org.springframework.kafka.core.KafkaTemplate' (OnClassCondition)

   LdapAutoConfiguration:
      Did not match:
         - @ConditionalOnClass did not find required class 'org.springframework.ldap.core.ContextSource' (OnClassCondition)

   LdapRepositoriesAutoConfiguration:
      Did not match:
         - @ConditionalOnClass did not find required class 'org.springframework.data.ldap.repository.LdapRepository' (OnClassCondition)

   LiquibaseAutoConfiguration:
      Did not match:
         - @ConditionalOnClass did not find required class 'liquibase.change.DatabaseChange' (OnClassCondition)

   MailSenderAutoConfiguration:
      Did not match:
         - @ConditionalOnClass did not find required class 'javax.activation.MimeType' (OnClassCondition)

   MailSenderValidatorAutoConfiguration:
      Did not match:
         - @ConditionalOnSingleCandidate did not find required type 'org.springframework.mail.javamail.JavaMailSenderImpl' (OnBeanCondition)

   MessageSourceAutoConfiguration:
      Did not match:
         - ResourceBundle did not find bundle with basename messages (MessageSourceAutoConfiguration.ResourceBundleCondition)

   MongoAutoConfiguration:
      Did not match:
         - @ConditionalOnClass did not find required class 'com.mongodb.client.MongoClient' (OnClassCondition)

   MongoDataAutoConfiguration:
      Did not match:
         - @ConditionalOnClass did not find required class 'com.mongodb.client.MongoClient' (OnClassCondition)

   MongoReactiveAutoConfiguration:
      Did not match:
         - @ConditionalOnClass did not find required class 'com.mongodb.reactivestreams.client.MongoClient' (OnClassCondition)

   MongoReactiveDataAutoConfiguration:
      Did not match:
         - @ConditionalOnClass did not find required class 'com.mongodb.reactivestreams.client.MongoClient' (OnClassCondition)

   MongoReactiveRepositoriesAutoConfiguration:
      Did not match:
         - @ConditionalOnClass did not find required class 'com.mongodb.reactivestreams.client.MongoClient' (OnClassCondition)

   MongoRepositoriesAutoConfiguration:
      Did not match:
         - @ConditionalOnClass did not find required class 'com.mongodb.client.MongoClient' (OnClassCondition)

   MustacheAutoConfiguration:
      Did not match:
         - @ConditionalOnClass did not find required class 'com.samskivert.mustache.Mustache' (OnClassCondition)

   Neo4jAutoConfiguration:
      Did not match:
         - @ConditionalOnClass did not find required class 'org.neo4j.driver.Driver' (OnClassCondition)

   Neo4jDataAutoConfiguration:
      Did not match:
         - @ConditionalOnClass did not find required class 'org.neo4j.driver.Driver' (OnClassCondition)

   Neo4jReactiveDataAutoConfiguration:
      Did not match:
         - @ConditionalOnClass did not find required class 'org.neo4j.driver.Driver' (OnClassCondition)

   Neo4jReactiveRepositoriesAutoConfiguration:
      Did not match:
         - @ConditionalOnClass did not find required class 'org.neo4j.driver.Driver' (OnClassCondition)

   Neo4jRepositoriesAutoConfiguration:
      Did not match:
         - @ConditionalOnClass did not find required class 'org.neo4j.driver.Driver' (OnClassCondition)

   NettyAutoConfiguration:
      Did not match:
         - @ConditionalOnClass did not find required class 'io.netty.util.NettyRuntime' (OnClassCondition)

   OAuth2ClientAutoConfiguration:
      Did not match:
         - @ConditionalOnClass did not find required class 'org.springframework.security.config.annotation.web.configuration.EnableWebSecurity' (OnClassCondition)

   OAuth2ResourceServerAutoConfiguration:
      Did not match:
         - @ConditionalOnClass did not find required class 'org.springframework.security.oauth2.server.resource.BearerTokenAuthenticationToken' (OnClassCondition)

   PersistenceExceptionTranslationAutoConfiguration:
      Did not match:
         - @ConditionalOnClass did not find required class 'org.springframework.dao.annotation.PersistenceExceptionTranslationPostProcessor' (OnClassCondition)

   ProjectInfoAutoConfiguration#buildProperties:
      Did not match:
         - @ConditionalOnResource did not find resource '${spring.info.build.location:classpath:META-INF/build-info.properties}' (OnResourceCondition)

   ProjectInfoAutoConfiguration#gitProperties:
      Did not match:
         - GitResource did not find git info at classpath:git.properties (ProjectInfoAutoConfiguration.GitResourceAvailableCondition)

   QuartzAutoConfiguration:
      Did not match:
         - @ConditionalOnClass did not find required class 'org.quartz.Scheduler' (OnClassCondition)

   R2dbcAutoConfiguration:
      Did not match:
         - @ConditionalOnClass did not find required class 'io.r2dbc.spi.ConnectionFactory' (OnClassCondition)

   R2dbcDataAutoConfiguration:
      Did not match:
         - @ConditionalOnClass did not find required class 'org.springframework.data.r2dbc.core.R2dbcEntityTemplate' (OnClassCondition)

   R2dbcInitializationConfiguration:
      Did not match:
         - @ConditionalOnClass did not find required classes 'io.r2dbc.spi.ConnectionFactory', 'org.springframework.r2dbc.connection.init.DatabasePopulator' (OnClassCondition)

   R2dbcRepositoriesAutoConfiguration:
      Did not match:
         - @ConditionalOnClass did not find required class 'io.r2dbc.spi.ConnectionFactory' (OnClassCondition)

   R2dbcTransactionManagerAutoConfiguration:
      Did not match:
         - @ConditionalOnClass did not find required class 'org.springframework.r2dbc.connection.R2dbcTransactionManager' (OnClassCondition)

   RSocketMessagingAutoConfiguration:
      Did not match:
         - @ConditionalOnClass did not find required class 'io.rsocket.RSocket' (OnClassCondition)

   RSocketRequesterAutoConfiguration:
      Did not match:
         - @ConditionalOnClass did not find required class 'io.rsocket.RSocket' (OnClassCondition)

   RSocketSecurityAutoConfiguration:
      Did not match:
         - @ConditionalOnClass did not find required class 'org.springframework.security.rsocket.core.SecuritySocketAcceptorInterceptor' (OnClassCondition)

   RSocketServerAutoConfiguration:
      Did not match:
         - @ConditionalOnClass did not find required class 'io.rsocket.core.RSocketServer' (OnClassCondition)

   RSocketStrategiesAutoConfiguration:
      Did not match:
         - @ConditionalOnClass did not find required class 'io.netty.buffer.PooledByteBufAllocator' (OnClassCondition)

   RabbitAutoConfiguration:
      Did not match:
         - @ConditionalOnClass did not find required class 'com.rabbitmq.client.Channel' (OnClassCondition)

   ReactiveElasticsearchRepositoriesAutoConfiguration:
      Did not match:
         - @ConditionalOnClass did not find required class 'org.springframework.data.elasticsearch.client.reactive.ReactiveElasticsearchClient' (OnClassCondition)

   ReactiveElasticsearchRestClientAutoConfiguration:
      Did not match:
         - @ConditionalOnClass did not find required class 'reactor.netty.http.client.HttpClient' (OnClassCondition)

   ReactiveMultipartAutoConfiguration:
      Did not match:
         - @ConditionalOnClass did not find required class 'org.springframework.web.reactive.config.WebFluxConfigurer' (OnClassCondition)

   ReactiveOAuth2ClientAutoConfiguration:
      Did not match:
         - @ConditionalOnClass did not find required class 'reactor.core.publisher.Flux' (OnClassCondition)

   ReactiveOAuth2ResourceServerAutoConfiguration:
      Did not match:
         - @ConditionalOnClass did not find required class 'org.springframework.security.config.annotation.web.reactive.EnableWebFluxSecurity' (OnClassCondition)

   ReactiveSecurityAutoConfiguration:
      Did not match:
         - @ConditionalOnClass did not find required class 'reactor.core.publisher.Flux' (OnClassCondition)

   ReactiveUserDetailsServiceAutoConfiguration:
      Did not match:
         - @ConditionalOnClass did not find required class 'org.springframework.security.authentication.ReactiveAuthenticationManager' (OnClassCondition)

   ReactiveWebServerFactoryAutoConfiguration:
      Did not match:
         - @ConditionalOnWebApplication did not find reactive web application classes (OnWebApplicationCondition)

   RedisAutoConfiguration:
      Did not match:
         - @ConditionalOnClass did not find required class 'org.springframework.data.redis.core.RedisOperations' (OnClassCondition)

   RedisCacheConfiguration:
      Did not match:
         - @ConditionalOnClass did not find required class 'org.springframework.data.redis.connection.RedisConnectionFactory' (OnClassCondition)

   RedisReactiveAutoConfiguration:
      Did not match:
         - @ConditionalOnClass did not find required class 'reactor.core.publisher.Flux' (OnClassCondition)

   RedisRepositoriesAutoConfiguration:
      Did not match:
         - @ConditionalOnClass did not find required class 'org.springframework.data.redis.repository.configuration.EnableRedisRepositories' (OnClassCondition)

   RepositoryRestMvcAutoConfiguration:
      Did not match:
         - @ConditionalOnClass did not find required class 'org.springframework.data.rest.webmvc.config.RepositoryRestMvcConfiguration' (OnClassCondition)

   Saml2RelyingPartyAutoConfiguration:
      Did not match:
         - @ConditionalOnClass did not find required class 'org.springframework.security.saml2.provider.service.registration.RelyingPartyRegistrationRepository' (OnClassCondition)

   SecurityAutoConfiguration:
      Did not match:
         - @ConditionalOnClass did not find required class 'org.springframework.security.authentication.DefaultAuthenticationEventPublisher' (OnClassCondition)

   SecurityFilterAutoConfiguration:
      Did not match:
         - @ConditionalOnClass did not find required class 'org.springframework.security.config.http.SessionCreationPolicy' (OnClassCondition)

   SendGridAutoConfiguration:
      Did not match:
         - @ConditionalOnClass did not find required class 'com.sendgrid.SendGrid' (OnClassCondition)

   ServletWebServerFactoryAutoConfiguration#forwardedHeaderFilter:
      Did not match:
         - @ConditionalOnProperty (server.forward-headers-strategy=framework) did not find property 'server.forward-headers-strategy' (OnPropertyCondition)

   ServletWebServerFactoryConfiguration.EmbeddedJetty:
      Did not match:
         - @ConditionalOnClass did not find required classes 'org.eclipse.jetty.server.Server', 'org.eclipse.jetty.util.Loader', 'org.eclipse.jetty.webapp.WebAppContext' (OnClassCondition)

   ServletWebServerFactoryConfiguration.EmbeddedUndertow:
      Did not match:
         - @ConditionalOnClass did not find required classes 'io.undertow.Undertow', 'org.xnio.SslClientAuthMode' (OnClassCondition)

   SessionAutoConfiguration:
      Did not match:
         - @ConditionalOnClass did not find required class 'org.springframework.session.Session' (OnClassCondition)

   SolrAutoConfiguration:
      Did not match:
         - @ConditionalOnClass did not find required class 'org.apache.solr.client.solrj.impl.CloudSolrClient' (OnClassCondition)

   SpringDataWebAutoConfiguration:
      Did not match:
         - @ConditionalOnClass did not find required class 'org.springframework.data.web.PageableHandlerMethodArgumentResolver' (OnClassCondition)

   TaskSchedulingAutoConfiguration#taskScheduler:
      Did not match:
         - @ConditionalOnBean (names: org.springframework.context.annotation.internalScheduledAnnotationProcessor; SearchStrategy: all) did not find any beans named org.springframework.context.annotation.internalScheduledAnnotationProcessor (OnBeanCondition)

   ThymeleafAutoConfiguration:
      Did not match:
         - @ConditionalOnClass did not find required class 'org.thymeleaf.spring5.SpringTemplateEngine' (OnClassCondition)

   TransactionAutoConfiguration:
      Did not match:
         - @ConditionalOnClass did not find required class 'org.springframework.transaction.PlatformTransactionManager' (OnClassCondition)

   UserDetailsServiceAutoConfiguration:
      Did not match:
         - @ConditionalOnClass did not find required class 'org.springframework.security.authentication.AuthenticationManager' (OnClassCondition)

   ValidationAutoConfiguration:
      Did not match:
         - @ConditionalOnClass did not find required class 'javax.validation.executable.ExecutableValidator' (OnClassCondition)

   WebClientAutoConfiguration:
      Did not match:
         - @ConditionalOnClass did not find required class 'org.springframework.web.reactive.function.client.WebClient' (OnClassCondition)

   WebFluxAutoConfiguration:
      Did not match:
         - @ConditionalOnClass did not find required class 'org.springframework.web.reactive.config.WebFluxConfigurer' (OnClassCondition)

   WebMvcAutoConfiguration#hiddenHttpMethodFilter:
      Did not match:
         - @ConditionalOnProperty (spring.mvc.hiddenmethod.filter.enabled) did not find property 'enabled' (OnPropertyCondition)

   WebMvcAutoConfiguration.ResourceChainCustomizerConfiguration:
      Did not match:
         - @ConditionalOnEnabledResourceChain did not find class org.webjars.WebJarAssetLocator (OnEnabledResourceChainCondition)

   WebMvcAutoConfiguration.WebMvcAutoConfigurationAdapter#beanNameViewResolver:
      Did not match:
         - @ConditionalOnMissingBean (types: org.springframework.web.servlet.view.BeanNameViewResolver; SearchStrategy: all) found beans of type 'org.springframework.web.servlet.view.BeanNameViewResolver' beanNameViewResolver (OnBeanCondition)

   WebServiceTemplateAutoConfiguration:
      Did not match:
         - @ConditionalOnClass did not find required class 'org.springframework.oxm.Marshaller' (OnClassCondition)

   WebServicesAutoConfiguration:
      Did not match:
         - @ConditionalOnClass did not find required class 'org.springframework.ws.transport.http.MessageDispatcherServlet' (OnClassCondition)

   WebSessionIdResolverAutoConfiguration:
      Did not match:
         - @ConditionalOnClass did not find required class 'reactor.core.publisher.Mono' (OnClassCondition)

   WebSocketMessagingAutoConfiguration:
      Did not match:
         - @ConditionalOnClass did not find required class 'org.springframework.web.socket.config.annotation.WebSocketMessageBrokerConfigurer' (OnClassCondition)

   WebSocketReactiveAutoConfiguration:
      Did not match:
         - @ConditionalOnWebApplication did not find reactive web application classes (OnWebApplicationCondition)

   WebSocketServletAutoConfiguration.Jetty10WebSocketConfiguration:
      Did not match:
         - @ConditionalOnClass did not find required classes 'org.eclipse.jetty.websocket.javax.server.internal.JavaxWebSocketServerContainer', 'org.eclipse.jetty.websocket.server